\BOOKMARK [0][-]{chapter.1}{Introduction}{}
\BOOKMARK [1][-]{section.1.1}{Prerequisites}{chapter.1}
\BOOKMARK [1][-]{section.1.2}{Usage}{chapter.1}
\BOOKMARK [0][-]{chapter.2}{Tutorial}{}
\BOOKMARK [1][-]{section.2.1}{Creating a project}{chapter.2}
\BOOKMARK [1][-]{section.2.2}{Starting application}{chapter.2}
\BOOKMARK [1][-]{section.2.3}{Creating new command}{chapter.2}
\BOOKMARK [1][-]{section.2.4}{Creating new device}{chapter.2}
\BOOKMARK [1][-]{section.2.5}{Creating new module}{chapter.2}
\BOOKMARK [0][-]{chapter.3}{Commands}{}
\BOOKMARK [0][-]{chapter.4}{Devices}{}
\BOOKMARK [0][-]{chapter.5}{Modules}{}
\BOOKMARK [0][-]{chapter.6}{System modules}{}
\BOOKMARK [1][-]{section.6.1}{Base System Module}{chapter.6}
\BOOKMARK [1][-]{section.6.2}{Application Module}{chapter.6}
\BOOKMARK [1][-]{section.6.3}{Virtual Machine Module}{chapter.6}
\BOOKMARK [1][-]{section.6.4}{Authentication Module}{chapter.6}
\BOOKMARK [1][-]{section.6.5}{Logger Module}{chapter.6}
\BOOKMARK [0][-]{section*.144}{Python Module Index}{}
\BOOKMARK [0][-]{section*.145}{Index}{}
